<?xml version="1.0" encoding="UTF-8"?>
<!-- Generated by org.testng.reporters.JUnitXMLReporter -->
<testsuite ignored="1" hostname="DESKTOP-UFJSIU3" failures="0" tests="2" name="LoginMutualFund" time="38.347" errors="0" timestamp="2022-10-12T13:49:17 IST">
  <testcase classname="com.itview.testng.LoginMutualFund" name="loginAdmin" time="10.877"/>
  <testcase classname="com.itview.testng.LoginMutualFund" name="loginJsmith" time="7.248"/>
  <testcase classname="com.itview.testng.LoginMutualFund" name="loginTestUser" time="0.0">
    <ignored/>
  </testcase> <!-- loginTestUser -->
</testsuite> <!-- LoginMutualFund -->
