<?xml version="1.0" encoding="UTF-8"?>
<!-- Generated by org.testng.reporters.JUnitXMLReporter -->
<testsuite ignored="1" hostname="DESKTOP-UFJSIU3" failures="0" tests="3" name="Login" time="39.526" errors="0" timestamp="2022-10-06T23:42:14 IST">
  <testcase classname="com.itview.testng.LoginOrangeHRM" name="loginOrangeHRM" time="14.624"/>
  <testcase classname="com.itview.testng.LoginMutualFund" name="loginAdmin" time="7.51"/>
  <testcase classname="com.itview.testng.LoginMutualFund" name="loginJsmith" time="5.24"/>
  <testcase classname="com.itview.testng.LoginMutualFund" name="loginTestUser" time="0.0">
    <ignored/>
  </testcase> <!-- loginTestUser -->
</testsuite> <!-- Login -->
