<?xml version="1.0" encoding="UTF-8"?>
<!-- Generated by org.testng.reporters.JUnitXMLReporter -->
<testsuite ignored="0" hostname="DESKTOP-A72PT11" failures="0" tests="2" name="Test -&gt; Money Calculation for CreditCard" time="119.371" errors="0" timestamp="2022-12-01T20:32:27 IST">
  <testcase classname="com.itview.testcases.CreditCardTest" name="outStandingAmount_10000" time="66.359"/>
  <testcase classname="com.itview.testcases.CreditCardTest" name="outStandingAmount_20000" time="44.007"/>
</testsuite> <!-- Test -> Money Calculation for CreditCard -->
