<?xml version="1.0" encoding="UTF-8"?>
<!-- Generated by org.testng.reporters.JUnitXMLReporter -->
<testsuite ignored="1" hostname="DESKTOP-A72PT11" failures="0" tests="4" name="Test" time="33.46" errors="0" timestamp="2023-03-20T20:52:36 IST">
  <testcase classname="com.itview.testng.LoginMutualFund" name="loginAdmin" time="6.733"/>
  <testcase classname="com.itview.testng.LoginMutualFund" name="loginJsmith" time="5.15"/>
  <testcase classname="com.itview.testng.SoftAssert1" name="loginTest" time="6.552"/>
  <testcase classname="com.itview.testng.SoftAssert1" name="logoutTest" time="6.018"/>
  <testcase classname="com.itview.testng.LoginMutualFund" name="loginTestUser" time="0.0">
    <ignored/>
  </testcase> <!-- loginTestUser -->
</testsuite> <!-- Test -->
