<?xml version="1.0" encoding="UTF-8"?>
<testng-results ignored="0" total="1" passed="1" failed="0" skipped="0">
  <reporter-output>
  </reporter-output>
  <suite started-at="2022-08-06T13:14:14 IST" name="Default suite" finished-at="2022-08-06T13:14:38 IST" duration-ms="23939">
    <groups>
    </groups>
    <test started-at="2022-08-06T13:14:14 IST" name="Default test" finished-at="2022-08-06T13:14:38 IST" duration-ms="23939">
      <class name="com.itview.testcases.Data_Driven_FixedDeposit">
        <test-method is-config="true" signature="openBrowser()[pri:0, instance:com.itview.testcases.Data_Driven_FixedDeposit@2ed2d9cb]" started-at="2022-08-06T13:14:14 IST" name="openBrowser" finished-at="2022-08-06T13:14:22 IST" duration-ms="7343" status="PASS">
          <reporter-output>
          </reporter-output>
        </test-method> <!-- openBrowser -->
        <test-method signature="verifyFixedDeposit_SI()[pri:0, instance:com.itview.testcases.Data_Driven_FixedDeposit@2ed2d9cb]" started-at="2022-08-06T13:14:22 IST" name="verifyFixedDeposit_SI" description="validate Fixed Deposit with multiple data  " finished-at="2022-08-06T13:14:38 IST" duration-ms="16502" status="PASS">
          <reporter-output>
          </reporter-output>
        </test-method> <!-- verifyFixedDeposit_SI -->
        <test-method is-config="true" signature="afterTest()[pri:0, instance:com.itview.testcases.Data_Driven_FixedDeposit@2ed2d9cb]" started-at="2022-08-06T13:14:38 IST" name="afterTest" finished-at="2022-08-06T13:14:38 IST" duration-ms="0" status="PASS">
          <reporter-output>
          </reporter-output>
        </test-method> <!-- afterTest -->
      </class> <!-- com.itview.testcases.Data_Driven_FixedDeposit -->
    </test> <!-- Default test -->
  </suite> <!-- Default suite -->
</testng-results>
